{"C:\\Users\\jraba\\OneDrive\\Desktop\\Trabajo_Fin_De_Grado\\FrontGestionDeTurnosYHorarios\\src\\admin\\routes\\AdminRoutes.jsx": {"path":"C:\\Users\\jraba\\OneDrive\\Desktop\\Trabajo_Fin_De_Grado\\FrontGestionDeTurnosYHorarios\\src\\admin\\routes\\AdminRoutes.jsx","statementMap":{"0":{"start":{"line":4,"column":27},"end":{"line":12,"column":1}},"1":{"start":{"line":5,"column":4},"end":{"line":11,"column":6}}},"fnMap":{"0":{"name":"(anonymous_0)","decl":{"start":{"line":4,"column":27},"end":{"line":4,"column":28}},"loc":{"start":{"line":4,"column":33},"end":{"line":12,"column":1}},"line":4}},"branchMap":{},"s":{"0":1,"1":1},"f":{"0":1},"b":{},"_coverageSchema":"1a1c01bbd47fc00a2c39e90264f33305004495a9","hash":"94be65b1ef9a00c9e1240c1ea29d58d09954072a"}
,"C:\\Users\\jraba\\OneDrive\\Desktop\\Trabajo_Fin_De_Grado\\FrontGestionDeTurnosYHorarios\\src\\api\\gestionApi.js": {"path":"C:\\Users\\jraba\\OneDrive\\Desktop\\Trabajo_Fin_De_Grado\\FrontGestionDeTurnosYHorarios\\src\\api\\gestionApi.js","statementMap":{"0":{"start":{"line":3,"column":19},"end":{"line":5,"column":2}},"1":{"start":{"line":8,"column":0},"end":{"line":16,"column":1}},"2":{"start":{"line":10,"column":22},"end":{"line":10,"column":51}},"3":{"start":{"line":11,"column":8},"end":{"line":13,"column":9}},"4":{"start":{"line":12,"column":12},"end":{"line":12,"column":46}},"5":{"start":{"line":14,"column":8},"end":{"line":14,"column":22}}},"fnMap":{"0":{"name":"(anonymous_0)","decl":{"start":{"line":9,"column":4},"end":{"line":9,"column":5}},"loc":{"start":{"line":9,"column":16},"end":{"line":15,"column":5}},"line":9}},"branchMap":{"0":{"loc":{"start":{"line":4,"column":13},"end":{"line":4,"column":102}},"type":"cond-expr","locations":[{"start":{"line":4,"column":31},"end":{"line":4,"column":46}},{"start":{"line":4,"column":49},"end":{"line":4,"column":102}}],"line":4},"1":{"loc":{"start":{"line":11,"column":8},"end":{"line":13,"column":9}},"type":"if","locations":[{"start":{"line":11,"column":8},"end":{"line":13,"column":9}},{"start":{},"end":{}}],"line":11}},"s":{"0":8,"1":8,"2":0,"3":0,"4":0,"5":0},"f":{"0":0},"b":{"0":[0,8],"1":[0,0]},"_coverageSchema":"1a1c01bbd47fc00a2c39e90264f33305004495a9","hash":"5bf09143cc1fe39eb93d1159ef005ea548816f89"}
,"C:\\Users\\jraba\\OneDrive\\Desktop\\Trabajo_Fin_De_Grado\\FrontGestionDeTurnosYHorarios\\src\\auth\\pages\\LoginPage.jsx": {"path":"C:\\Users\\jraba\\OneDrive\\Desktop\\Trabajo_Fin_De_Grado\\FrontGestionDeTurnosYHorarios\\src\\auth\\pages\\LoginPage.jsx","statementMap":{"0":{"start":{"line":8,"column":24},"end":{"line":11,"column":1}},"1":{"start":{"line":13,"column":24},"end":{"line":22,"column":1}},"2":{"start":{"line":15,"column":17},"end":{"line":15,"column":40}},"3":{"start":{"line":19,"column":17},"end":{"line":19,"column":34}},"4":{"start":{"line":24,"column":25},"end":{"line":149,"column":1}},"5":{"start":{"line":26,"column":104},"end":{"line":26,"column":145}},"6":{"start":{"line":27,"column":40},"end":{"line":27,"column":54}},"7":{"start":{"line":28,"column":45},"end":{"line":28,"column":55}},"8":{"start":{"line":29,"column":45},"end":{"line":29,"column":55}},"9":{"start":{"line":31,"column":21},"end":{"line":34,"column":5}},"10":{"start":{"line":32,"column":8},"end":{"line":32,"column":26}},"11":{"start":{"line":33,"column":8},"end":{"line":33,"column":40}},"12":{"start":{"line":36,"column":4},"end":{"line":40,"column":22}},"13":{"start":{"line":37,"column":8},"end":{"line":39,"column":9}},"14":{"start":{"line":38,"column":12},"end":{"line":38,"column":73}},"15":{"start":{"line":42,"column":4},"end":{"line":44,"column":5}},"16":{"start":{"line":43,"column":8},"end":{"line":43,"column":45}},"17":{"start":{"line":46,"column":4},"end":{"line":148,"column":6}}},"fnMap":{"0":{"name":"(anonymous_0)","decl":{"start":{"line":15,"column":8},"end":{"line":15,"column":9}},"loc":{"start":{"line":15,"column":17},"end":{"line":15,"column":40}},"line":15},"1":{"name":"(anonymous_1)","decl":{"start":{"line":19,"column":8},"end":{"line":19,"column":9}},"loc":{"start":{"line":19,"column":17},"end":{"line":19,"column":34}},"line":19},"2":{"name":"(anonymous_2)","decl":{"start":{"line":24,"column":25},"end":{"line":24,"column":26}},"loc":{"start":{"line":24,"column":31},"end":{"line":149,"column":1}},"line":24},"3":{"name":"(anonymous_3)","decl":{"start":{"line":31,"column":21},"end":{"line":31,"column":22}},"loc":{"start":{"line":31,"column":28},"end":{"line":34,"column":5}},"line":31},"4":{"name":"(anonymous_4)","decl":{"start":{"line":36,"column":14},"end":{"line":36,"column":15}},"loc":{"start":{"line":36,"column":20},"end":{"line":40,"column":5}},"line":36}},"branchMap":{"0":{"loc":{"start":{"line":37,"column":8},"end":{"line":39,"column":9}},"type":"if","locations":[{"start":{"line":37,"column":8},"end":{"line":39,"column":9}},{"start":{},"end":{}}],"line":37},"1":{"loc":{"start":{"line":42,"column":4},"end":{"line":44,"column":5}},"type":"if","locations":[{"start":{"line":42,"column":4},"end":{"line":44,"column":5}},{"start":{},"end":{}}],"line":42},"2":{"loc":{"start":{"line":112,"column":37},"end":{"line":112,"column":127}},"type":"binary-expr","locations":[{"start":{"line":112,"column":37},"end":{"line":112,"column":54}},{"start":{"line":112,"column":58},"end":{"line":112,"column":71}},{"start":{"line":112,"column":75},"end":{"line":112,"column":127}}],"line":112},"3":{"loc":{"start":{"line":129,"column":37},"end":{"line":129,"column":145}},"type":"binary-expr","locations":[{"start":{"line":129,"column":37},"end":{"line":129,"column":54}},{"start":{"line":129,"column":58},"end":{"line":129,"column":71}},{"start":{"line":129,"column":75},"end":{"line":129,"column":145}}],"line":129}},"s":{"0":1,"1":1,"2":1,"3":1,"4":1,"5":2,"6":2,"7":2,"8":2,"9":2,"10":0,"11":0,"12":2,"13":1,"14":0,"15":2,"16":0,"17":2},"f":{"0":1,"1":1,"2":2,"3":0,"4":1},"b":{"0":[0,1],"1":[0,2],"2":[2,0,0],"3":[2,0,0]},"_coverageSchema":"1a1c01bbd47fc00a2c39e90264f33305004495a9","hash":"fc0ee65b6d099709d315db076dd2e5d429355821"}
,"C:\\Users\\jraba\\OneDrive\\Desktop\\Trabajo_Fin_De_Grado\\FrontGestionDeTurnosYHorarios\\src\\auth\\routes\\AuthRoutes.jsx": {"path":"C:\\Users\\jraba\\OneDrive\\Desktop\\Trabajo_Fin_De_Grado\\FrontGestionDeTurnosYHorarios\\src\\auth\\routes\\AuthRoutes.jsx","statementMap":{"0":{"start":{"line":4,"column":26},"end":{"line":12,"column":1}},"1":{"start":{"line":5,"column":4},"end":{"line":11,"column":6}}},"fnMap":{"0":{"name":"(anonymous_0)","decl":{"start":{"line":4,"column":26},"end":{"line":4,"column":27}},"loc":{"start":{"line":4,"column":32},"end":{"line":12,"column":1}},"line":4}},"branchMap":{},"s":{"0":1,"1":1},"f":{"0":1},"b":{},"_coverageSchema":"1a1c01bbd47fc00a2c39e90264f33305004495a9","hash":"f50d6c88fe606ab1a0069b07c0a6e52711a2c3bd"}
,"C:\\Users\\jraba\\OneDrive\\Desktop\\Trabajo_Fin_De_Grado\\FrontGestionDeTurnosYHorarios\\src\\employee\\routes\\EmployeeRoutes.jsx": {"path":"C:\\Users\\jraba\\OneDrive\\Desktop\\Trabajo_Fin_De_Grado\\FrontGestionDeTurnosYHorarios\\src\\employee\\routes\\EmployeeRoutes.jsx","statementMap":{"0":{"start":{"line":4,"column":30},"end":{"line":12,"column":1}},"1":{"start":{"line":5,"column":4},"end":{"line":11,"column":6}}},"fnMap":{"0":{"name":"(anonymous_0)","decl":{"start":{"line":4,"column":30},"end":{"line":4,"column":31}},"loc":{"start":{"line":4,"column":36},"end":{"line":12,"column":1}},"line":4}},"branchMap":{},"s":{"0":1,"1":1},"f":{"0":1},"b":{},"_coverageSchema":"1a1c01bbd47fc00a2c39e90264f33305004495a9","hash":"741d14dcf7ee05cffe84e2330b8a78808973fd3b"}
,"C:\\Users\\jraba\\OneDrive\\Desktop\\Trabajo_Fin_De_Grado\\FrontGestionDeTurnosYHorarios\\src\\hooks\\useAuthStore.js": {"path":"C:\\Users\\jraba\\OneDrive\\Desktop\\Trabajo_Fin_De_Grado\\FrontGestionDeTurnosYHorarios\\src\\hooks\\useAuthStore.js","statementMap":{"0":{"start":{"line":7,"column":28},"end":{"line":75,"column":1}},"1":{"start":{"line":9,"column":43},"end":{"line":9,"column":75}},"2":{"start":{"line":9,"column":64},"end":{"line":9,"column":74}},"3":{"start":{"line":10,"column":21},"end":{"line":10,"column":34}},"4":{"start":{"line":11,"column":38},"end":{"line":11,"column":53}},"5":{"start":{"line":13,"column":23},"end":{"line":32,"column":5}},"6":{"start":{"line":14,"column":8},"end":{"line":14,"column":30}},"7":{"start":{"line":16,"column":8},"end":{"line":31,"column":9}},"8":{"start":{"line":17,"column":12},"end":{"line":17,"column":31}},"9":{"start":{"line":18,"column":29},"end":{"line":18,"column":84}},"10":{"start":{"line":20,"column":12},"end":{"line":20,"column":54}},"11":{"start":{"line":21,"column":12},"end":{"line":21,"column":74}},"12":{"start":{"line":22,"column":12},"end":{"line":22,"column":88}},"13":{"start":{"line":25,"column":12},"end":{"line":25,"column":59}},"14":{"start":{"line":26,"column":12},"end":{"line":28,"column":19}},"15":{"start":{"line":27,"column":16},"end":{"line":27,"column":45}},"16":{"start":{"line":30,"column":12},"end":{"line":30,"column":32}},"17":{"start":{"line":34,"column":27},"end":{"line":54,"column":5}},"18":{"start":{"line":35,"column":22},"end":{"line":35,"column":51}},"19":{"start":{"line":36,"column":8},"end":{"line":36,"column":47}},"20":{"start":{"line":36,"column":19},"end":{"line":36,"column":47}},"21":{"start":{"line":38,"column":8},"end":{"line":53,"column":9}},"22":{"start":{"line":39,"column":12},"end":{"line":39,"column":31}},"23":{"start":{"line":40,"column":29},"end":{"line":40,"column":64}},"24":{"start":{"line":41,"column":12},"end":{"line":47,"column":13}},"25":{"start":{"line":42,"column":16},"end":{"line":42,"column":58}},"26":{"start":{"line":43,"column":16},"end":{"line":43,"column":78}},"27":{"start":{"line":44,"column":16},"end":{"line":44,"column":92}},"28":{"start":{"line":46,"column":16},"end":{"line":46,"column":37}},"29":{"start":{"line":49,"column":12},"end":{"line":49,"column":33}},"30":{"start":{"line":50,"column":12},"end":{"line":50,"column":33}},"31":{"start":{"line":52,"column":12},"end":{"line":52,"column":32}},"32":{"start":{"line":56,"column":24},"end":{"line":59,"column":5}},"33":{"start":{"line":57,"column":8},"end":{"line":57,"column":29}},"34":{"start":{"line":58,"column":8},"end":{"line":58,"column":29}},"35":{"start":{"line":61,"column":21},"end":{"line":63,"column":5}},"36":{"start":{"line":62,"column":8},"end":{"line":62,"column":111}},"37":{"start":{"line":65,"column":4},"end":{"line":74,"column":5}}},"fnMap":{"0":{"name":"(anonymous_0)","decl":{"start":{"line":7,"column":28},"end":{"line":7,"column":29}},"loc":{"start":{"line":7,"column":34},"end":{"line":75,"column":1}},"line":7},"1":{"name":"(anonymous_1)","decl":{"start":{"line":9,"column":55},"end":{"line":9,"column":56}},"loc":{"start":{"line":9,"column":64},"end":{"line":9,"column":74}},"line":9},"2":{"name":"(anonymous_2)","decl":{"start":{"line":13,"column":23},"end":{"line":13,"column":24}},"loc":{"start":{"line":13,"column":57},"end":{"line":32,"column":5}},"line":13},"3":{"name":"(anonymous_3)","decl":{"start":{"line":26,"column":23},"end":{"line":26,"column":24}},"loc":{"start":{"line":26,"column":29},"end":{"line":28,"column":13}},"line":26},"4":{"name":"(anonymous_4)","decl":{"start":{"line":34,"column":27},"end":{"line":34,"column":28}},"loc":{"start":{"line":34,"column":39},"end":{"line":54,"column":5}},"line":34},"5":{"name":"(anonymous_5)","decl":{"start":{"line":56,"column":24},"end":{"line":56,"column":25}},"loc":{"start":{"line":56,"column":30},"end":{"line":59,"column":5}},"line":56},"6":{"name":"(anonymous_6)","decl":{"start":{"line":61,"column":21},"end":{"line":61,"column":22}},"loc":{"start":{"line":61,"column":44},"end":{"line":63,"column":5}},"line":61}},"branchMap":{"0":{"loc":{"start":{"line":36,"column":8},"end":{"line":36,"column":47}},"type":"if","locations":[{"start":{"line":36,"column":8},"end":{"line":36,"column":47}},{"start":{},"end":{}}],"line":36},"1":{"loc":{"start":{"line":41,"column":12},"end":{"line":47,"column":13}},"type":"if","locations":[{"start":{"line":41,"column":12},"end":{"line":47,"column":13}},{"start":{"line":45,"column":19},"end":{"line":47,"column":13}}],"line":41}},"s":{"0":2,"1":10,"2":17,"3":10,"4":10,"5":10,"6":2,"7":2,"8":2,"9":2,"10":1,"11":1,"12":1,"13":1,"14":1,"15":1,"16":2,"17":10,"18":2,"19":2,"20":1,"21":1,"22":1,"23":1,"24":1,"25":1,"26":1,"27":1,"28":0,"29":0,"30":0,"31":1,"32":10,"33":1,"34":1,"35":10,"36":1,"37":10},"f":{"0":10,"1":17,"2":2,"3":1,"4":2,"5":1,"6":1},"b":{"0":[1,1],"1":[1,0]},"_coverageSchema":"1a1c01bbd47fc00a2c39e90264f33305004495a9","hash":"991b5f7d4522966869c6a774860df258e0d47e8e"}
,"C:\\Users\\jraba\\OneDrive\\Desktop\\Trabajo_Fin_De_Grado\\FrontGestionDeTurnosYHorarios\\src\\hooks\\useFocus.js": {"path":"C:\\Users\\jraba\\OneDrive\\Desktop\\Trabajo_Fin_De_Grado\\FrontGestionDeTurnosYHorarios\\src\\hooks\\useFocus.js","statementMap":{"0":{"start":{"line":3,"column":24},"end":{"line":23,"column":3}},"1":{"start":{"line":4,"column":16},"end":{"line":4,"column":28}},"2":{"start":{"line":5,"column":38},"end":{"line":5,"column":53}},"3":{"start":{"line":6,"column":19},"end":{"line":8,"column":19}},"4":{"start":{"line":7,"column":6},"end":{"line":7,"column":30}},"5":{"start":{"line":10,"column":4},"end":{"line":20,"column":6}},"6":{"start":{"line":11,"column":22},"end":{"line":11,"column":33}},"7":{"start":{"line":13,"column":6},"end":{"line":13,"column":48}},"8":{"start":{"line":14,"column":6},"end":{"line":14,"column":47}},"9":{"start":{"line":16,"column":6},"end":{"line":19,"column":7}},"10":{"start":{"line":17,"column":8},"end":{"line":17,"column":53}},"11":{"start":{"line":18,"column":8},"end":{"line":18,"column":52}},"12":{"start":{"line":22,"column":4},"end":{"line":22,"column":27}}},"fnMap":{"0":{"name":"(anonymous_0)","decl":{"start":{"line":3,"column":24},"end":{"line":3,"column":25}},"loc":{"start":{"line":3,"column":30},"end":{"line":23,"column":3}},"line":3},"1":{"name":"(anonymous_1)","decl":{"start":{"line":6,"column":31},"end":{"line":6,"column":32}},"loc":{"start":{"line":6,"column":37},"end":{"line":8,"column":5}},"line":6},"2":{"name":"(anonymous_2)","decl":{"start":{"line":10,"column":14},"end":{"line":10,"column":15}},"loc":{"start":{"line":10,"column":20},"end":{"line":20,"column":5}},"line":10},"3":{"name":"(anonymous_3)","decl":{"start":{"line":16,"column":13},"end":{"line":16,"column":14}},"loc":{"start":{"line":16,"column":19},"end":{"line":19,"column":7}},"line":16}},"branchMap":{},"s":{"0":1,"1":4,"2":4,"3":4,"4":0,"5":4,"6":4,"7":4,"8":4,"9":4,"10":4,"11":4,"12":4},"f":{"0":4,"1":0,"2":4,"3":4},"b":{},"_coverageSchema":"1a1c01bbd47fc00a2c39e90264f33305004495a9","hash":"b886ba7bf4ab7f04c8cb0673e6f555bb33766e03"}
,"C:\\Users\\jraba\\OneDrive\\Desktop\\Trabajo_Fin_De_Grado\\FrontGestionDeTurnosYHorarios\\src\\hooks\\useForm.js": {"path":"C:\\Users\\jraba\\OneDrive\\Desktop\\Trabajo_Fin_De_Grado\\FrontGestionDeTurnosYHorarios\\src\\hooks\\useForm.js","statementMap":{"0":{"start":{"line":3,"column":23},"end":{"line":56,"column":1}},"1":{"start":{"line":5,"column":40},"end":{"line":5,"column":63}},"2":{"start":{"line":6,"column":50},"end":{"line":6,"column":62}},"3":{"start":{"line":8,"column":4},"end":{"line":10,"column":21}},"4":{"start":{"line":9,"column":8},"end":{"line":9,"column":27}},"5":{"start":{"line":12,"column":4},"end":{"line":14,"column":23}},"6":{"start":{"line":13,"column":8},"end":{"line":13,"column":36}},"7":{"start":{"line":17,"column":24},"end":{"line":23,"column":26}},"8":{"start":{"line":18,"column":8},"end":{"line":20,"column":9}},"9":{"start":{"line":19,"column":12},"end":{"line":19,"column":67}},"10":{"start":{"line":19,"column":54},"end":{"line":19,"column":67}},"11":{"start":{"line":22,"column":8},"end":{"line":22,"column":20}},"12":{"start":{"line":25,"column":26},"end":{"line":31,"column":5}},"13":{"start":{"line":26,"column":32},"end":{"line":26,"column":38}},"14":{"start":{"line":27,"column":8},"end":{"line":30,"column":11}},"15":{"start":{"line":33,"column":24},"end":{"line":35,"column":5}},"16":{"start":{"line":34,"column":8},"end":{"line":34,"column":36}},"17":{"start":{"line":37,"column":29},"end":{"line":46,"column":5}},"18":{"start":{"line":38,"column":34},"end":{"line":38,"column":36}},"19":{"start":{"line":40,"column":8},"end":{"line":44,"column":9}},"20":{"start":{"line":41,"column":41},"end":{"line":41,"column":67}},"21":{"start":{"line":43,"column":12},"end":{"line":43,"column":104}},"22":{"start":{"line":45,"column":8},"end":{"line":45,"column":47}},"23":{"start":{"line":48,"column":4},"end":{"line":55,"column":5}}},"fnMap":{"0":{"name":"(anonymous_0)","decl":{"start":{"line":3,"column":23},"end":{"line":3,"column":24}},"loc":{"start":{"line":3,"column":68},"end":{"line":56,"column":1}},"line":3},"1":{"name":"(anonymous_1)","decl":{"start":{"line":8,"column":14},"end":{"line":8,"column":15}},"loc":{"start":{"line":8,"column":20},"end":{"line":10,"column":5}},"line":8},"2":{"name":"(anonymous_2)","decl":{"start":{"line":12,"column":14},"end":{"line":12,"column":15}},"loc":{"start":{"line":12,"column":20},"end":{"line":14,"column":5}},"line":12},"3":{"name":"(anonymous_3)","decl":{"start":{"line":17,"column":33},"end":{"line":17,"column":34}},"loc":{"start":{"line":17,"column":39},"end":{"line":23,"column":5}},"line":17},"4":{"name":"(anonymous_4)","decl":{"start":{"line":25,"column":26},"end":{"line":25,"column":27}},"loc":{"start":{"line":25,"column":42},"end":{"line":31,"column":5}},"line":25},"5":{"name":"(anonymous_5)","decl":{"start":{"line":33,"column":24},"end":{"line":33,"column":25}},"loc":{"start":{"line":33,"column":30},"end":{"line":35,"column":5}},"line":33},"6":{"name":"(anonymous_6)","decl":{"start":{"line":37,"column":29},"end":{"line":37,"column":30}},"loc":{"start":{"line":37,"column":35},"end":{"line":46,"column":5}},"line":37}},"branchMap":{"0":{"loc":{"start":{"line":3,"column":25},"end":{"line":3,"column":41}},"type":"default-arg","locations":[{"start":{"line":3,"column":39},"end":{"line":3,"column":41}}],"line":3},"1":{"loc":{"start":{"line":3,"column":43},"end":{"line":3,"column":63}},"type":"default-arg","locations":[{"start":{"line":3,"column":61},"end":{"line":3,"column":63}}],"line":3},"2":{"loc":{"start":{"line":19,"column":12},"end":{"line":19,"column":67}},"type":"if","locations":[{"start":{"line":19,"column":12},"end":{"line":19,"column":67}},{"start":{},"end":{}}],"line":19},"3":{"loc":{"start":{"line":43,"column":55},"end":{"line":43,"column":103}},"type":"cond-expr","locations":[{"start":{"line":43,"column":84},"end":{"line":43,"column":88}},{"start":{"line":43,"column":91},"end":{"line":43,"column":103}}],"line":43}},"s":{"0":2,"1":15,"2":15,"3":15,"4":7,"5":15,"6":6,"7":15,"8":13,"9":4,"10":2,"11":11,"12":15,"13":2,"14":2,"15":15,"16":1,"17":15,"18":7,"19":7,"20":6,"21":6,"22":7,"23":15},"f":{"0":15,"1":7,"2":6,"3":13,"4":2,"5":1,"6":7},"b":{"0":[0],"1":[9],"2":[2,2],"3":[2,4]},"_coverageSchema":"1a1c01bbd47fc00a2c39e90264f33305004495a9","hash":"d5221bcf2452bf906eede0fc1fd96db2b47143e8"}
,"C:\\Users\\jraba\\OneDrive\\Desktop\\Trabajo_Fin_De_Grado\\FrontGestionDeTurnosYHorarios\\src\\hooks\\useGetEventos.js": {"path":"C:\\Users\\jraba\\OneDrive\\Desktop\\Trabajo_Fin_De_Grado\\FrontGestionDeTurnosYHorarios\\src\\hooks\\useGetEventos.js","statementMap":{"0":{"start":{"line":5,"column":29},"end":{"line":33,"column":1}},"1":{"start":{"line":6,"column":32},"end":{"line":6,"column":44}},"2":{"start":{"line":7,"column":38},"end":{"line":7,"column":53}},"3":{"start":{"line":8,"column":36},"end":{"line":8,"column":51}},"4":{"start":{"line":10,"column":4},"end":{"line":25,"column":11}},"5":{"start":{"line":11,"column":28},"end":{"line":23,"column":9}},"6":{"start":{"line":12,"column":12},"end":{"line":22,"column":13}},"7":{"start":{"line":13,"column":16},"end":{"line":13,"column":35}},"8":{"start":{"line":14,"column":33},"end":{"line":14,"column":72}},"9":{"start":{"line":15,"column":31},"end":{"line":15,"column":52}},"10":{"start":{"line":16,"column":16},"end":{"line":16,"column":34}},"11":{"start":{"line":18,"column":16},"end":{"line":18,"column":34}},"12":{"start":{"line":19,"column":16},"end":{"line":19,"column":90}},"13":{"start":{"line":21,"column":16},"end":{"line":21,"column":36}},"14":{"start":{"line":24,"column":8},"end":{"line":24,"column":22}},"15":{"start":{"line":27,"column":4},"end":{"line":32,"column":5}}},"fnMap":{"0":{"name":"(anonymous_0)","decl":{"start":{"line":5,"column":29},"end":{"line":5,"column":30}},"loc":{"start":{"line":5,"column":35},"end":{"line":33,"column":1}},"line":5},"1":{"name":"(anonymous_1)","decl":{"start":{"line":10,"column":14},"end":{"line":10,"column":15}},"loc":{"start":{"line":10,"column":20},"end":{"line":25,"column":5}},"line":10},"2":{"name":"(anonymous_2)","decl":{"start":{"line":11,"column":28},"end":{"line":11,"column":29}},"loc":{"start":{"line":11,"column":40},"end":{"line":23,"column":9}},"line":11}},"branchMap":{},"s":{"0":1,"1":8,"2":8,"3":8,"4":8,"5":3,"6":3,"7":3,"8":3,"9":2,"10":1,"11":2,"12":2,"13":3,"14":3,"15":8},"f":{"0":8,"1":3,"2":3},"b":{},"_coverageSchema":"1a1c01bbd47fc00a2c39e90264f33305004495a9","hash":"bb31a8c74c20be3abc5a1660d6a4b8d0e8942b19"}
,"C:\\Users\\jraba\\OneDrive\\Desktop\\Trabajo_Fin_De_Grado\\FrontGestionDeTurnosYHorarios\\src\\hooks\\useGetHolidays.js": {"path":"C:\\Users\\jraba\\OneDrive\\Desktop\\Trabajo_Fin_De_Grado\\FrontGestionDeTurnosYHorarios\\src\\hooks\\useGetHolidays.js","statementMap":{"0":{"start":{"line":5,"column":30},"end":{"line":38,"column":1}},"1":{"start":{"line":6,"column":36},"end":{"line":6,"column":48}},"2":{"start":{"line":7,"column":38},"end":{"line":7,"column":53}},"3":{"start":{"line":8,"column":36},"end":{"line":8,"column":51}},"4":{"start":{"line":10,"column":4},"end":{"line":30,"column":11}},"5":{"start":{"line":11,"column":30},"end":{"line":28,"column":9}},"6":{"start":{"line":12,"column":12},"end":{"line":27,"column":13}},"7":{"start":{"line":13,"column":16},"end":{"line":13,"column":35}},"8":{"start":{"line":14,"column":33},"end":{"line":14,"column":72}},"9":{"start":{"line":16,"column":40},"end":{"line":20,"column":19}},"10":{"start":{"line":16,"column":79},"end":{"line":20,"column":17}},"11":{"start":{"line":21,"column":16},"end":{"line":21,"column":45}},"12":{"start":{"line":23,"column":16},"end":{"line":23,"column":34}},"13":{"start":{"line":24,"column":16},"end":{"line":24,"column":93}},"14":{"start":{"line":26,"column":16},"end":{"line":26,"column":36}},"15":{"start":{"line":29,"column":8},"end":{"line":29,"column":24}},"16":{"start":{"line":32,"column":4},"end":{"line":37,"column":5}}},"fnMap":{"0":{"name":"(anonymous_0)","decl":{"start":{"line":5,"column":30},"end":{"line":5,"column":31}},"loc":{"start":{"line":5,"column":42},"end":{"line":38,"column":1}},"line":5},"1":{"name":"(anonymous_1)","decl":{"start":{"line":10,"column":14},"end":{"line":10,"column":15}},"loc":{"start":{"line":10,"column":20},"end":{"line":30,"column":5}},"line":10},"2":{"name":"(anonymous_2)","decl":{"start":{"line":11,"column":30},"end":{"line":11,"column":31}},"loc":{"start":{"line":11,"column":42},"end":{"line":28,"column":9}},"line":11},"3":{"name":"(anonymous_3)","decl":{"start":{"line":16,"column":67},"end":{"line":16,"column":68}},"loc":{"start":{"line":16,"column":79},"end":{"line":20,"column":17}},"line":16}},"branchMap":{},"s":{"0":1,"1":8,"2":8,"3":8,"4":8,"5":3,"6":3,"7":3,"8":3,"9":2,"10":2,"11":1,"12":2,"13":2,"14":3,"15":3,"16":8},"f":{"0":8,"1":3,"2":3,"3":2},"b":{},"_coverageSchema":"1a1c01bbd47fc00a2c39e90264f33305004495a9","hash":"eef0e569f932b57a9684e4d73c93693766c03afa"}
,"C:\\Users\\jraba\\OneDrive\\Desktop\\Trabajo_Fin_De_Grado\\FrontGestionDeTurnosYHorarios\\src\\hooks\\useGetNomina.js": {"path":"C:\\Users\\jraba\\OneDrive\\Desktop\\Trabajo_Fin_De_Grado\\FrontGestionDeTurnosYHorarios\\src\\hooks\\useGetNomina.js","statementMap":{"0":{"start":{"line":5,"column":28},"end":{"line":32,"column":1}},"1":{"start":{"line":6,"column":32},"end":{"line":6,"column":48}},"2":{"start":{"line":7,"column":38},"end":{"line":7,"column":53}},"3":{"start":{"line":8,"column":36},"end":{"line":8,"column":51}},"4":{"start":{"line":10,"column":4},"end":{"line":24,"column":55}},"5":{"start":{"line":11,"column":28},"end":{"line":22,"column":9}},"6":{"start":{"line":12,"column":12},"end":{"line":21,"column":13}},"7":{"start":{"line":13,"column":16},"end":{"line":13,"column":35}},"8":{"start":{"line":14,"column":33},"end":{"line":14,"column":75}},"9":{"start":{"line":15,"column":16},"end":{"line":15,"column":51}},"10":{"start":{"line":17,"column":16},"end":{"line":17,"column":34}},"11":{"start":{"line":18,"column":16},"end":{"line":18,"column":32}},"12":{"start":{"line":20,"column":16},"end":{"line":20,"column":36}},"13":{"start":{"line":23,"column":8},"end":{"line":23,"column":22}},"14":{"start":{"line":26,"column":4},"end":{"line":31,"column":5}}},"fnMap":{"0":{"name":"(anonymous_0)","decl":{"start":{"line":5,"column":28},"end":{"line":5,"column":29}},"loc":{"start":{"line":5,"column":44},"end":{"line":32,"column":1}},"line":5},"1":{"name":"(anonymous_1)","decl":{"start":{"line":10,"column":14},"end":{"line":10,"column":15}},"loc":{"start":{"line":10,"column":20},"end":{"line":24,"column":5}},"line":10},"2":{"name":"(anonymous_2)","decl":{"start":{"line":11,"column":28},"end":{"line":11,"column":29}},"loc":{"start":{"line":11,"column":40},"end":{"line":22,"column":9}},"line":11}},"branchMap":{},"s":{"0":1,"1":8,"2":8,"3":8,"4":8,"5":3,"6":3,"7":3,"8":3,"9":2,"10":2,"11":2,"12":3,"13":3,"14":8},"f":{"0":8,"1":3,"2":3},"b":{},"_coverageSchema":"1a1c01bbd47fc00a2c39e90264f33305004495a9","hash":"514a0fc3a17a9d1ec1fa82dd52b66d098d1442b3"}
,"C:\\Users\\jraba\\OneDrive\\Desktop\\Trabajo_Fin_De_Grado\\FrontGestionDeTurnosYHorarios\\src\\hooks\\useGetNotificaciones.js": {"path":"C:\\Users\\jraba\\OneDrive\\Desktop\\Trabajo_Fin_De_Grado\\FrontGestionDeTurnosYHorarios\\src\\hooks\\useGetNotificaciones.js","statementMap":{"0":{"start":{"line":7,"column":36},"end":{"line":39,"column":1}},"1":{"start":{"line":8,"column":31},"end":{"line":8,"column":75}},"2":{"start":{"line":8,"column":54},"end":{"line":8,"column":74}},"3":{"start":{"line":9,"column":21},"end":{"line":9,"column":34}},"4":{"start":{"line":10,"column":38},"end":{"line":10,"column":53}},"5":{"start":{"line":11,"column":36},"end":{"line":11,"column":51}},"6":{"start":{"line":13,"column":4},"end":{"line":27,"column":11}},"7":{"start":{"line":14,"column":36},"end":{"line":25,"column":9}},"8":{"start":{"line":15,"column":12},"end":{"line":24,"column":13}},"9":{"start":{"line":16,"column":16},"end":{"line":16,"column":35}},"10":{"start":{"line":17,"column":33},"end":{"line":17,"column":72}},"11":{"start":{"line":18,"column":16},"end":{"line":18,"column":78}},"12":{"start":{"line":20,"column":16},"end":{"line":20,"column":34}},"13":{"start":{"line":21,"column":16},"end":{"line":21,"column":97}},"14":{"start":{"line":23,"column":16},"end":{"line":23,"column":36}},"15":{"start":{"line":26,"column":8},"end":{"line":26,"column":30}},"16":{"start":{"line":29,"column":31},"end":{"line":31,"column":5}},"17":{"start":{"line":30,"column":8},"end":{"line":30,"column":41}},"18":{"start":{"line":33,"column":4},"end":{"line":38,"column":5}}},"fnMap":{"0":{"name":"(anonymous_0)","decl":{"start":{"line":7,"column":36},"end":{"line":7,"column":37}},"loc":{"start":{"line":7,"column":42},"end":{"line":39,"column":1}},"line":7},"1":{"name":"(anonymous_1)","decl":{"start":{"line":8,"column":43},"end":{"line":8,"column":44}},"loc":{"start":{"line":8,"column":54},"end":{"line":8,"column":74}},"line":8},"2":{"name":"(anonymous_2)","decl":{"start":{"line":13,"column":14},"end":{"line":13,"column":15}},"loc":{"start":{"line":13,"column":20},"end":{"line":27,"column":5}},"line":13},"3":{"name":"(anonymous_3)","decl":{"start":{"line":14,"column":36},"end":{"line":14,"column":37}},"loc":{"start":{"line":14,"column":48},"end":{"line":25,"column":9}},"line":14},"4":{"name":"(anonymous_4)","decl":{"start":{"line":29,"column":31},"end":{"line":29,"column":32}},"loc":{"start":{"line":29,"column":39},"end":{"line":31,"column":5}},"line":29}},"branchMap":{},"s":{"0":1,"1":8,"2":11,"3":8,"4":8,"5":8,"6":8,"7":3,"8":3,"9":3,"10":3,"11":2,"12":2,"13":2,"14":3,"15":3,"16":8,"17":0,"18":8},"f":{"0":8,"1":11,"2":3,"3":3,"4":0},"b":{},"_coverageSchema":"1a1c01bbd47fc00a2c39e90264f33305004495a9","hash":"c5b090ae2485169b922385ebc3f28951a6328611"}
,"C:\\Users\\jraba\\OneDrive\\Desktop\\Trabajo_Fin_De_Grado\\FrontGestionDeTurnosYHorarios\\src\\hooks\\useGetShifts.js": {"path":"C:\\Users\\jraba\\OneDrive\\Desktop\\Trabajo_Fin_De_Grado\\FrontGestionDeTurnosYHorarios\\src\\hooks\\useGetShifts.js","statementMap":{"0":{"start":{"line":5,"column":28},"end":{"line":38,"column":1}},"1":{"start":{"line":6,"column":32},"end":{"line":6,"column":44}},"2":{"start":{"line":7,"column":38},"end":{"line":7,"column":53}},"3":{"start":{"line":8,"column":36},"end":{"line":8,"column":51}},"4":{"start":{"line":10,"column":4},"end":{"line":30,"column":11}},"5":{"start":{"line":11,"column":28},"end":{"line":28,"column":9}},"6":{"start":{"line":12,"column":12},"end":{"line":27,"column":13}},"7":{"start":{"line":13,"column":16},"end":{"line":13,"column":35}},"8":{"start":{"line":14,"column":33},"end":{"line":14,"column":70}},"9":{"start":{"line":16,"column":38},"end":{"line":20,"column":19}},"10":{"start":{"line":16,"column":73},"end":{"line":20,"column":17}},"11":{"start":{"line":21,"column":16},"end":{"line":21,"column":41}},"12":{"start":{"line":23,"column":16},"end":{"line":23,"column":34}},"13":{"start":{"line":24,"column":16},"end":{"line":24,"column":89}},"14":{"start":{"line":26,"column":16},"end":{"line":26,"column":36}},"15":{"start":{"line":29,"column":8},"end":{"line":29,"column":22}},"16":{"start":{"line":32,"column":4},"end":{"line":37,"column":5}}},"fnMap":{"0":{"name":"(anonymous_0)","decl":{"start":{"line":5,"column":28},"end":{"line":5,"column":29}},"loc":{"start":{"line":5,"column":40},"end":{"line":38,"column":1}},"line":5},"1":{"name":"(anonymous_1)","decl":{"start":{"line":10,"column":14},"end":{"line":10,"column":15}},"loc":{"start":{"line":10,"column":20},"end":{"line":30,"column":5}},"line":10},"2":{"name":"(anonymous_2)","decl":{"start":{"line":11,"column":28},"end":{"line":11,"column":29}},"loc":{"start":{"line":11,"column":40},"end":{"line":28,"column":9}},"line":11},"3":{"name":"(anonymous_3)","decl":{"start":{"line":16,"column":63},"end":{"line":16,"column":64}},"loc":{"start":{"line":16,"column":73},"end":{"line":20,"column":17}},"line":16}},"branchMap":{"0":{"loc":{"start":{"line":17,"column":27},"end":{"line":17,"column":114}},"type":"cond-expr","locations":[{"start":{"line":17,"column":54},"end":{"line":17,"column":62}},{"start":{"line":17,"column":65},"end":{"line":17,"column":114}}],"line":17},"1":{"loc":{"start":{"line":17,"column":65},"end":{"line":17,"column":114}},"type":"cond-expr","locations":[{"start":{"line":17,"column":94},"end":{"line":17,"column":101}},{"start":{"line":17,"column":104},"end":{"line":17,"column":114}}],"line":17}},"s":{"0":1,"1":8,"2":8,"3":8,"4":8,"5":3,"6":3,"7":3,"8":3,"9":2,"10":2,"11":1,"12":2,"13":2,"14":3,"15":3,"16":8},"f":{"0":8,"1":3,"2":3,"3":2},"b":{"0":[1,1],"1":[1,0]},"_coverageSchema":"1a1c01bbd47fc00a2c39e90264f33305004495a9","hash":"89663ea82d0d9676243190cce2772cbf661fe214"}
,"C:\\Users\\jraba\\OneDrive\\Desktop\\Trabajo_Fin_De_Grado\\FrontGestionDeTurnosYHorarios\\src\\hooks\\useGetUsers.js": {"path":"C:\\Users\\jraba\\OneDrive\\Desktop\\Trabajo_Fin_De_Grado\\FrontGestionDeTurnosYHorarios\\src\\hooks\\useGetUsers.js","statementMap":{"0":{"start":{"line":5,"column":27},"end":{"line":32,"column":1}},"1":{"start":{"line":6,"column":30},"end":{"line":6,"column":42}},"2":{"start":{"line":7,"column":38},"end":{"line":7,"column":53}},"3":{"start":{"line":8,"column":36},"end":{"line":8,"column":51}},"4":{"start":{"line":10,"column":4},"end":{"line":24,"column":11}},"5":{"start":{"line":11,"column":27},"end":{"line":22,"column":9}},"6":{"start":{"line":12,"column":12},"end":{"line":21,"column":13}},"7":{"start":{"line":13,"column":16},"end":{"line":13,"column":35}},"8":{"start":{"line":14,"column":33},"end":{"line":14,"column":67}},"9":{"start":{"line":15,"column":16},"end":{"line":15,"column":50}},"10":{"start":{"line":17,"column":16},"end":{"line":17,"column":34}},"11":{"start":{"line":18,"column":16},"end":{"line":18,"column":91}},"12":{"start":{"line":20,"column":16},"end":{"line":20,"column":36}},"13":{"start":{"line":23,"column":8},"end":{"line":23,"column":21}},"14":{"start":{"line":26,"column":4},"end":{"line":31,"column":5}}},"fnMap":{"0":{"name":"(anonymous_0)","decl":{"start":{"line":5,"column":27},"end":{"line":5,"column":28}},"loc":{"start":{"line":5,"column":33},"end":{"line":32,"column":1}},"line":5},"1":{"name":"(anonymous_1)","decl":{"start":{"line":10,"column":14},"end":{"line":10,"column":15}},"loc":{"start":{"line":10,"column":20},"end":{"line":24,"column":5}},"line":10},"2":{"name":"(anonymous_2)","decl":{"start":{"line":11,"column":27},"end":{"line":11,"column":28}},"loc":{"start":{"line":11,"column":39},"end":{"line":22,"column":9}},"line":11}},"branchMap":{},"s":{"0":1,"1":9,"2":9,"3":9,"4":9,"5":3,"6":3,"7":3,"8":3,"9":2,"10":2,"11":2,"12":3,"13":3,"14":9},"f":{"0":9,"1":3,"2":3},"b":{},"_coverageSchema":"1a1c01bbd47fc00a2c39e90264f33305004495a9","hash":"1181f44d0db5230a648d13115f9063324ce1f972"}
,"C:\\Users\\jraba\\OneDrive\\Desktop\\Trabajo_Fin_De_Grado\\FrontGestionDeTurnosYHorarios\\src\\router\\AppRouter.jsx": {"path":"C:\\Users\\jraba\\OneDrive\\Desktop\\Trabajo_Fin_De_Grado\\FrontGestionDeTurnosYHorarios\\src\\router\\AppRouter.jsx","statementMap":{"0":{"start":{"line":8,"column":25},"end":{"line":43,"column":1}},"1":{"start":{"line":9,"column":43},"end":{"line":9,"column":57}},"2":{"start":{"line":11,"column":4},"end":{"line":13,"column":10}},"3":{"start":{"line":12,"column":8},"end":{"line":12,"column":25}},"4":{"start":{"line":15,"column":4},"end":{"line":42,"column":6}}},"fnMap":{"0":{"name":"(anonymous_0)","decl":{"start":{"line":8,"column":25},"end":{"line":8,"column":26}},"loc":{"start":{"line":8,"column":31},"end":{"line":43,"column":1}},"line":8},"1":{"name":"(anonymous_1)","decl":{"start":{"line":11,"column":14},"end":{"line":11,"column":15}},"loc":{"start":{"line":11,"column":20},"end":{"line":13,"column":5}},"line":11}},"branchMap":{"0":{"loc":{"start":{"line":18,"column":16},"end":{"line":39,"column":27}},"type":"cond-expr","locations":[{"start":{"line":20,"column":24},"end":{"line":23,"column":27}},{"start":{"line":25,"column":20},"end":{"line":39,"column":27}}],"line":18},"1":{"loc":{"start":{"line":25,"column":20},"end":{"line":39,"column":27}},"type":"cond-expr","locations":[{"start":{"line":26,"column":24},"end":{"line":29,"column":27}},{"start":{"line":31,"column":20},"end":{"line":39,"column":27}}],"line":25},"2":{"loc":{"start":{"line":25,"column":21},"end":{"line":25,"column":72}},"type":"binary-expr","locations":[{"start":{"line":25,"column":21},"end":{"line":25,"column":47}},{"start":{"line":25,"column":51},"end":{"line":25,"column":72}}],"line":25},"3":{"loc":{"start":{"line":31,"column":20},"end":{"line":39,"column":27}},"type":"cond-expr","locations":[{"start":{"line":32,"column":24},"end":{"line":35,"column":27}},{"start":{"line":37,"column":24},"end":{"line":39,"column":27}}],"line":31},"4":{"loc":{"start":{"line":31,"column":21},"end":{"line":31,"column":72}},"type":"binary-expr","locations":[{"start":{"line":31,"column":21},"end":{"line":31,"column":47}},{"start":{"line":31,"column":51},"end":{"line":31,"column":72}}],"line":31}},"s":{"0":1,"1":4,"2":4,"3":4,"4":4},"f":{"0":4,"1":4},"b":{"0":[1,3],"1":[1,2],"2":[3,2],"3":[1,1],"4":[2,1]},"_coverageSchema":"1a1c01bbd47fc00a2c39e90264f33305004495a9","hash":"93a26669c538825d6e7edf20b485775b469bb9f5"}
,"C:\\Users\\jraba\\OneDrive\\Desktop\\Trabajo_Fin_De_Grado\\FrontGestionDeTurnosYHorarios\\src\\store\\index.js": {"path":"C:\\Users\\jraba\\OneDrive\\Desktop\\Trabajo_Fin_De_Grado\\FrontGestionDeTurnosYHorarios\\src\\store\\index.js","statementMap":{},"fnMap":{},"branchMap":{},"s":{},"f":{},"b":{},"_coverageSchema":"1a1c01bbd47fc00a2c39e90264f33305004495a9","hash":"e049c883dbabb5a71acf20f0ae5beb9f8f671077"}
,"C:\\Users\\jraba\\OneDrive\\Desktop\\Trabajo_Fin_De_Grado\\FrontGestionDeTurnosYHorarios\\src\\store\\store.js": {"path":"C:\\Users\\jraba\\OneDrive\\Desktop\\Trabajo_Fin_De_Grado\\FrontGestionDeTurnosYHorarios\\src\\store\\store.js","statementMap":{"0":{"start":{"line":7,"column":21},"end":{"line":15,"column":2}},"1":{"start":{"line":14,"column":42},"end":{"line":14,"column":90}}},"fnMap":{"0":{"name":"(anonymous_0)","decl":{"start":{"line":14,"column":16},"end":{"line":14,"column":17}},"loc":{"start":{"line":14,"column":42},"end":{"line":14,"column":90}},"line":14}},"branchMap":{},"s":{"0":2,"1":2},"f":{"0":2},"b":{},"_coverageSchema":"1a1c01bbd47fc00a2c39e90264f33305004495a9","hash":"aab777453bd186c4a6c78f048fc6933d315e97a6"}
,"C:\\Users\\jraba\\OneDrive\\Desktop\\Trabajo_Fin_De_Grado\\FrontGestionDeTurnosYHorarios\\src\\store\\admin\\adminScreenSlice.js": {"path":"C:\\Users\\jraba\\OneDrive\\Desktop\\Trabajo_Fin_De_Grado\\FrontGestionDeTurnosYHorarios\\src\\store\\admin\\adminScreenSlice.js","statementMap":{"0":{"start":{"line":3,"column":32},"end":{"line":59,"column":2}},"1":{"start":{"line":11,"column":12},"end":{"line":11,"column":49}},"2":{"start":{"line":12,"column":12},"end":{"line":12,"column":31}},"3":{"start":{"line":15,"column":12},"end":{"line":15,"column":43}},"4":{"start":{"line":16,"column":12},"end":{"line":16,"column":31}},"5":{"start":{"line":19,"column":12},"end":{"line":19,"column":41}},"6":{"start":{"line":20,"column":12},"end":{"line":20,"column":34}},"7":{"start":{"line":23,"column":12},"end":{"line":23,"column":42}},"8":{"start":{"line":24,"column":12},"end":{"line":24,"column":34}},"9":{"start":{"line":27,"column":12},"end":{"line":27,"column":48}},"10":{"start":{"line":28,"column":12},"end":{"line":28,"column":31}},"11":{"start":{"line":31,"column":12},"end":{"line":31,"column":43}},"12":{"start":{"line":32,"column":12},"end":{"line":32,"column":34}},"13":{"start":{"line":35,"column":12},"end":{"line":35,"column":51}},"14":{"start":{"line":36,"column":12},"end":{"line":36,"column":31}},"15":{"start":{"line":39,"column":12},"end":{"line":39,"column":46}},"16":{"start":{"line":40,"column":12},"end":{"line":40,"column":34}},"17":{"start":{"line":43,"column":12},"end":{"line":43,"column":47}},"18":{"start":{"line":44,"column":12},"end":{"line":44,"column":31}},"19":{"start":{"line":47,"column":12},"end":{"line":47,"column":53}},"20":{"start":{"line":48,"column":12},"end":{"line":48,"column":31}},"21":{"start":{"line":51,"column":12},"end":{"line":51,"column":51}},"22":{"start":{"line":52,"column":12},"end":{"line":52,"column":31}},"23":{"start":{"line":55,"column":12},"end":{"line":55,"column":52}},"24":{"start":{"line":56,"column":12},"end":{"line":56,"column":31}},"25":{"start":{"line":74,"column":4},"end":{"line":74,"column":28}}},"fnMap":{"0":{"name":"(anonymous_0)","decl":{"start":{"line":10,"column":32},"end":{"line":10,"column":33}},"loc":{"start":{"line":10,"column":43},"end":{"line":13,"column":9}},"line":10},"1":{"name":"(anonymous_1)","decl":{"start":{"line":14,"column":26},"end":{"line":14,"column":27}},"loc":{"start":{"line":14,"column":37},"end":{"line":17,"column":9}},"line":14},"2":{"name":"(anonymous_2)","decl":{"start":{"line":18,"column":24},"end":{"line":18,"column":25}},"loc":{"start":{"line":18,"column":46},"end":{"line":21,"column":9}},"line":18},"3":{"name":"(anonymous_3)","decl":{"start":{"line":22,"column":25},"end":{"line":22,"column":26}},"loc":{"start":{"line":22,"column":47},"end":{"line":25,"column":9}},"line":22},"4":{"name":"(anonymous_4)","decl":{"start":{"line":26,"column":31},"end":{"line":26,"column":32}},"loc":{"start":{"line":26,"column":42},"end":{"line":29,"column":9}},"line":26},"5":{"name":"(anonymous_5)","decl":{"start":{"line":30,"column":26},"end":{"line":30,"column":27}},"loc":{"start":{"line":30,"column":48},"end":{"line":33,"column":9}},"line":30},"6":{"name":"(anonymous_6)","decl":{"start":{"line":34,"column":34},"end":{"line":34,"column":35}},"loc":{"start":{"line":34,"column":45},"end":{"line":37,"column":9}},"line":34},"7":{"name":"(anonymous_7)","decl":{"start":{"line":38,"column":29},"end":{"line":38,"column":30}},"loc":{"start":{"line":38,"column":51},"end":{"line":41,"column":9}},"line":38},"8":{"name":"(anonymous_8)","decl":{"start":{"line":42,"column":30},"end":{"line":42,"column":31}},"loc":{"start":{"line":42,"column":41},"end":{"line":45,"column":9}},"line":42},"9":{"name":"(anonymous_9)","decl":{"start":{"line":46,"column":36},"end":{"line":46,"column":37}},"loc":{"start":{"line":46,"column":47},"end":{"line":49,"column":9}},"line":46},"10":{"name":"(anonymous_10)","decl":{"start":{"line":50,"column":34},"end":{"line":50,"column":35}},"loc":{"start":{"line":50,"column":45},"end":{"line":53,"column":9}},"line":50},"11":{"name":"(anonymous_11)","decl":{"start":{"line":54,"column":35},"end":{"line":54,"column":36}},"loc":{"start":{"line":54,"column":46},"end":{"line":57,"column":9}},"line":54}},"branchMap":{},"s":{"0":3,"1":1,"2":1,"3":1,"4":1,"5":1,"6":1,"7":1,"8":1,"9":1,"10":1,"11":1,"12":1,"13":1,"14":1,"15":1,"16":1,"17":1,"18":1,"19":1,"20":1,"21":1,"22":1,"23":1,"24":1,"25":3},"f":{"0":1,"1":1,"2":1,"3":1,"4":1,"5":1,"6":1,"7":1,"8":1,"9":1,"10":1,"11":1},"b":{},"_coverageSchema":"1a1c01bbd47fc00a2c39e90264f33305004495a9","hash":"b2d59fc8af2f3fbf4f24e4572be0e4e9f94d12d1"}
,"C:\\Users\\jraba\\OneDrive\\Desktop\\Trabajo_Fin_De_Grado\\FrontGestionDeTurnosYHorarios\\src\\store\\admin\\notificacionesSlice.js": {"path":"C:\\Users\\jraba\\OneDrive\\Desktop\\Trabajo_Fin_De_Grado\\FrontGestionDeTurnosYHorarios\\src\\store\\admin\\notificacionesSlice.js","statementMap":{"0":{"start":{"line":3,"column":35},"end":{"line":16,"column":2}},"1":{"start":{"line":10,"column":12},"end":{"line":10,"column":50}},"2":{"start":{"line":13,"column":12},"end":{"line":13,"column":116}},"3":{"start":{"line":13,"column":79},"end":{"line":13,"column":114}},"4":{"start":{"line":18,"column":62},"end":{"line":18,"column":89}}},"fnMap":{"0":{"name":"(anonymous_0)","decl":{"start":{"line":9,"column":32},"end":{"line":9,"column":33}},"loc":{"start":{"line":9,"column":51},"end":{"line":11,"column":9}},"line":9},"1":{"name":"(anonymous_1)","decl":{"start":{"line":12,"column":28},"end":{"line":12,"column":29}},"loc":{"start":{"line":12,"column":47},"end":{"line":14,"column":9}},"line":12},"2":{"name":"(anonymous_2)","decl":{"start":{"line":13,"column":63},"end":{"line":13,"column":64}},"loc":{"start":{"line":13,"column":79},"end":{"line":13,"column":114}},"line":13}},"branchMap":{},"s":{"0":4,"1":1,"2":1,"3":2,"4":4},"f":{"0":1,"1":1,"2":2},"b":{},"_coverageSchema":"1a1c01bbd47fc00a2c39e90264f33305004495a9","hash":"db6a2bda355c554d740cb7d096e67955fe126a8d"}
,"C:\\Users\\jraba\\OneDrive\\Desktop\\Trabajo_Fin_De_Grado\\FrontGestionDeTurnosYHorarios\\src\\store\\auth\\authSlice.js": {"path":"C:\\Users\\jraba\\OneDrive\\Desktop\\Trabajo_Fin_De_Grado\\FrontGestionDeTurnosYHorarios\\src\\store\\auth\\authSlice.js","statementMap":{"0":{"start":{"line":3,"column":25},"end":{"line":33,"column":2}},"1":{"start":{"line":12,"column":12},"end":{"line":12,"column":38}},"2":{"start":{"line":13,"column":12},"end":{"line":13,"column":28}},"3":{"start":{"line":14,"column":12},"end":{"line":14,"column":43}},"4":{"start":{"line":17,"column":12},"end":{"line":17,"column":43}},"5":{"start":{"line":18,"column":12},"end":{"line":18,"column":33}},"6":{"start":{"line":19,"column":12},"end":{"line":19,"column":43}},"7":{"start":{"line":22,"column":12},"end":{"line":22,"column":47}},"8":{"start":{"line":23,"column":12},"end":{"line":23,"column":28}},"9":{"start":{"line":24,"column":12},"end":{"line":24,"column":41}},"10":{"start":{"line":27,"column":12},"end":{"line":27,"column":43}},"11":{"start":{"line":30,"column":11},"end":{"line":30,"column":32}},"12":{"start":{"line":35,"column":82},"end":{"line":35,"column":99}}},"fnMap":{"0":{"name":"(anonymous_0)","decl":{"start":{"line":11,"column":20},"end":{"line":11,"column":21}},"loc":{"start":{"line":11,"column":31},"end":{"line":15,"column":9}},"line":11},"1":{"name":"(anonymous_1)","decl":{"start":{"line":16,"column":17},"end":{"line":16,"column":18}},"loc":{"start":{"line":16,"column":39},"end":{"line":20,"column":9}},"line":16},"2":{"name":"(anonymous_2)","decl":{"start":{"line":21,"column":18},"end":{"line":21,"column":19}},"loc":{"start":{"line":21,"column":40},"end":{"line":25,"column":9}},"line":21},"3":{"name":"(anonymous_3)","decl":{"start":{"line":26,"column":27},"end":{"line":26,"column":28}},"loc":{"start":{"line":26,"column":38},"end":{"line":28,"column":9}},"line":26},"4":{"name":"(anonymous_4)","decl":{"start":{"line":29,"column":22},"end":{"line":29,"column":23}},"loc":{"start":{"line":29,"column":44},"end":{"line":31,"column":9}},"line":29}},"branchMap":{},"s":{"0":3,"1":0,"2":0,"3":0,"4":1,"5":1,"6":1,"7":3,"8":3,"9":3,"10":1,"11":0,"12":3},"f":{"0":0,"1":1,"2":3,"3":1,"4":0},"b":{},"_coverageSchema":"1a1c01bbd47fc00a2c39e90264f33305004495a9","hash":"3bfe199b5859d56ab06abe60c559e8da97084cd0"}
,"C:\\Users\\jraba\\OneDrive\\Desktop\\Trabajo_Fin_De_Grado\\FrontGestionDeTurnosYHorarios\\src\\store\\employee\\employeeScreenSlice.js": {"path":"C:\\Users\\jraba\\OneDrive\\Desktop\\Trabajo_Fin_De_Grado\\FrontGestionDeTurnosYHorarios\\src\\store\\employee\\employeeScreenSlice.js","statementMap":{"0":{"start":{"line":3,"column":35},"end":{"line":39,"column":2}},"1":{"start":{"line":11,"column":12},"end":{"line":11,"column":49}},"2":{"start":{"line":12,"column":12},"end":{"line":12,"column":31}},"3":{"start":{"line":15,"column":12},"end":{"line":15,"column":42}},"4":{"start":{"line":16,"column":12},"end":{"line":16,"column":31}},"5":{"start":{"line":19,"column":12},"end":{"line":19,"column":42}},"6":{"start":{"line":20,"column":12},"end":{"line":20,"column":31}},"7":{"start":{"line":23,"column":12},"end":{"line":23,"column":41}},"8":{"start":{"line":24,"column":12},"end":{"line":24,"column":31}},"9":{"start":{"line":27,"column":12},"end":{"line":27,"column":45}},"10":{"start":{"line":28,"column":12},"end":{"line":28,"column":31}},"11":{"start":{"line":31,"column":12},"end":{"line":31,"column":53}},"12":{"start":{"line":32,"column":12},"end":{"line":32,"column":31}},"13":{"start":{"line":35,"column":12},"end":{"line":35,"column":43}},"14":{"start":{"line":36,"column":12},"end":{"line":36,"column":34}},"15":{"start":{"line":49,"column":4},"end":{"line":49,"column":31}}},"fnMap":{"0":{"name":"(anonymous_0)","decl":{"start":{"line":10,"column":32},"end":{"line":10,"column":33}},"loc":{"start":{"line":10,"column":43},"end":{"line":13,"column":9}},"line":10},"1":{"name":"(anonymous_1)","decl":{"start":{"line":14,"column":25},"end":{"line":14,"column":26}},"loc":{"start":{"line":14,"column":36},"end":{"line":17,"column":9}},"line":14},"2":{"name":"(anonymous_2)","decl":{"start":{"line":18,"column":25},"end":{"line":18,"column":26}},"loc":{"start":{"line":18,"column":36},"end":{"line":21,"column":9}},"line":18},"3":{"name":"(anonymous_3)","decl":{"start":{"line":22,"column":24},"end":{"line":22,"column":25}},"loc":{"start":{"line":22,"column":35},"end":{"line":25,"column":9}},"line":22},"4":{"name":"(anonymous_4)","decl":{"start":{"line":26,"column":28},"end":{"line":26,"column":29}},"loc":{"start":{"line":26,"column":39},"end":{"line":29,"column":9}},"line":26},"5":{"name":"(anonymous_5)","decl":{"start":{"line":30,"column":36},"end":{"line":30,"column":37}},"loc":{"start":{"line":30,"column":47},"end":{"line":33,"column":9}},"line":30},"6":{"name":"(anonymous_6)","decl":{"start":{"line":34,"column":26},"end":{"line":34,"column":27}},"loc":{"start":{"line":34,"column":48},"end":{"line":37,"column":9}},"line":34}},"branchMap":{},"s":{"0":3,"1":1,"2":1,"3":1,"4":1,"5":1,"6":1,"7":1,"8":1,"9":1,"10":1,"11":1,"12":1,"13":1,"14":1,"15":3},"f":{"0":1,"1":1,"2":1,"3":1,"4":1,"5":1,"6":1},"b":{},"_coverageSchema":"1a1c01bbd47fc00a2c39e90264f33305004495a9","hash":"53342472a63cb448720c1514cc5ba85570d2f426"}
}
